FHIR IG Publisher Version 1.7.1 (Git# 74ea670a3891). Built 2024-10-25T03:52:19.844Z (14 days old)
Detected Java version: 17.0.12 from /usr/lib/jvm/java-17-openjdk-amd64 on amd64 (64bit). 3942MB available
dir = /mnt/c/Users/mbrisson/.vscode/matchsync-ig, path = /home/mbrisson/gems/bin:/usr/local/sbin:/usr/local/bin:/usr/sbin:/usr/bin:/sbin:/bin:/usr/games:/usr/local/games:/usr/lib/wsl/lib:/mnt/c/windows/system32:/mnt/c/windows:/mnt/c/windows/System32/Wbem:/mnt/c/windows/System32/WindowsPowerShell/v1.0/:/mnt/c/windows/System32/OpenSSH/:/mnt/c/Program Files/PolicyPak/:/mnt/c/DEVAPPS/Oracle-SQLDeveloper-18.4.0-376.1900-x64:/mnt/c/Program Files/nodejs/:/mnt/c/Users/mbrisson/AppData/Roaming/nvm:/mnt/c/Program Files/nodejs:/mnt/c/Users/mbrisson/AppData/Local/Microsoft/WindowsApps:/mnt/c/Users/mbrisson/AppData/Local/Programs/Git/cmd:/mnt/c/Users/mbrisson/OneDrive - NMDP/Desktop/Maven/apache-maven-3.8.3/bin:/mnt/c/Users/mbrisson/AppData/Local/Programs/Microsoft VS Code/bin:/mnt/c/Users/mbrisson/AppData/Roaming/npm:/mnt/c/Users/mbrisson/.jdks/corretto-17.0.12/bin:/mnt/c/Users/mbrisson/AppData/Roaming/nvm:/snap/bin
Parameters: -go-publish -source /mnt/c/Users/mbrisson/.vscode/matchsync-ig/build -web /mnt/c/Users/mbrisson/.vscode/matchsync-ig/publication/web-root -registry /mnt/c/Users/mbrisson/.vscode/matchsync-ig/publication/web-root/ig-registry/fhir-ig-list.json -history /mnt/c/Users/mbrisson/.vscode/matchsync-ig/publication/web-root/ig-history -templates /mnt/c/Users/mbrisson/.vscode/matchsync-ig/publication/web-root/history-templates -resetTxErrors
---------------
Publication Run: publish /mnt/c/Users/mbrisson/.vscode/matchsync-ig/build to /mnt/c/Users/mbrisson/.vscode/matchsync-ig/publication/web-root
Run Number: 3
Relative directory for IG is '/matchsync'
===== Web Publication Run Details ===============================
 Source IG: nmdp.fhir.matchsync#0.1.0 : http://fhir.nmdp.org/ig/matchsync (R4) from /mnt/c/Users/mbrisson/.vscode/matchsync-ig/build
All checks passed. Do the publication build from /mnt/c/Users/mbrisson/.vscode/matchsync-ig/build and publish to /tmp/web-root/run-20241108/matchsync
Prepare Build space in /tmp/nmdp.fhir.matchsync#0.1.0
Build IG at /mnt/c/Users/mbrisson/.vscode/matchsync-ig/build: final copy suitable for publication (in /tmp/nmdp.fhir.matchsync#0.1.0)
FHIR IG Publisher Version 1.7.1 (Git# 74ea670a3891). Built 2024-10-25T03:52:19.844Z (14 days old)   
Detected Java version: 17.0.12 from /usr/lib/jvm/java-17-openjdk-amd64 on Linux/amd64 (64bit). 3942MB available
dir = /mnt/c/Users/mbrisson/.vscode/matchsync-ig, path = /home/mbrisson/gems/bin:/usr/local/sbin:/usr/local/bin:/usr/sbin:/usr/bin:/sbin:/bin:/usr/games:/usr/local/games:/usr/lib/wsl/lib:/mnt/c/windows/system32:/mnt/c/windows:/mnt/c/windows/System32/Wbem:/mnt/c/windows/System32/WindowsPowerShell/v1.0/:/mnt/c/windows/System32/OpenSSH/:/mnt/c/Program Files/PolicyPak/:/mnt/c/DEVAPPS/Oracle-SQLDeveloper-18.4.0-376.1900-x64:/mnt/c/Program Files/nodejs/:/mnt/c/Users/mbrisson/AppData/Roaming/nvm:/mnt/c/Program Files/nodejs:/mnt/c/Users/mbrisson/AppData/Local/Microsoft/WindowsApps:/mnt/c/Users/mbrisson/AppData/Local/Programs/Git/cmd:/mnt/c/Users/mbrisson/OneDrive - NMDP/Desktop/Maven/apache-maven-3.8.3/bin:/mnt/c/Users/mbrisson/AppData/Local/Programs/Microsoft VS Code/bin:/mnt/c/Users/mbrisson/AppData/Roaming/npm:/mnt/c/Users/mbrisson/.jdks/corretto-17.0.12/bin:/mnt/c/Users/mbrisson/AppData/Roaming/nvm:/snap/bin
Parameters: -ig /tmp/nmdp.fhir.matchsync#0.1.0 -resetTx -publish http://fhir.nmdp.org/ig/matchsync/0.1.0 -no-exit
Start Clock @ Friday, November 8, 2024 at 5:21:29 PM Central Standard Time (2024-11-08T17:21:29-06:00)
                                                                                                    
Build FHIR IG from /tmp/nmdp.fhir.matchsync#0.1.0                                                    (00:00.066 / 00:00.077, 38Mb)
Build Formal Publication package, intended for http://fhir.nmdp.org/ig/matchsync/0.1.0               (00:00.012 / 00:00.079, 38Mb)
API keys loaded from /home/mbrisson/.fhir/fhir-settings.json                                         (00:00.000 / 00:00.079, 39Mb)
Package Cache: /home/mbrisson/.fhir/packages                                                         (00:00.039 / 00:00.119, 39Mb)
Run Sushi on /tmp/nmdp.fhir.matchsync#0.1.0                                                          (00:00.010 / 00:00.130, 39Mb)
Sushi: info  Running SUSHI v3.12.1 (implements FHIR Shorthand specification v3.0.0)                  (00:00.409 / 00:00.539, 39Mb)
Sushi: info  Arguments:                                                                              (00:00.000 / 00:00.539, 39Mb)
Sushi: info    --require-latest                                                                      (00:00.000 / 00:00.540, 39Mb)
Sushi: info    --out /tmp/nmdp.fhir.matchsync#0.1.0                                                  (00:00.000 / 00:00.540, 39Mb)
Sushi: info    /tmp/nmdp.fhir.matchsync#0.1.0                                                        (00:00.000 / 00:00.541, 39Mb)
Sushi: info  Using configuration file: /tmp/nmdp.fhir.matchsync#0.1.0/sushi-config.yaml              (00:00.954 / 00:01.495, 39Mb)
Sushi: info  Importing FSH text...                                                                   (00:00.064 / 00:01.560, 39Mb)
Sushi: info  Preprocessed 10 documents with 16 aliases.                                              (00:00.127 / 00:01.687, 39Mb)
Sushi: info  Imported 59 definitions and 41 instances.                                               (00:00.022 / 00:01.709, 39Mb)
Sushi: info  Checking /home/mbrisson/.fhir/packages for hl7.fhir.uv.tools#current...                 (00:00.000 / 00:01.710, 39Mb)
Sushi: info  Found hl7.fhir.uv.tools#current in /home/mbrisson/.fhir/packages.                       (00:00.046 / 00:01.756, 39Mb)
Sushi: info  Loaded package hl7.fhir.uv.tools#current                                                (00:00.942 / 00:02.699, 39Mb)
Sushi: info  Checking /home/mbrisson/.fhir/packages for hl7.terminology.r4#6.0.2...                  (00:00.768 / 00:03.468, 39Mb)
Sushi: info  Found hl7.terminology.r4#6.0.2 in /home/mbrisson/.fhir/packages.                        (00:00.920 / 00:04.388, 39Mb)
Sushi: info  Loaded package hl7.terminology.r4#6.0.2                                                 (00:00.000 / 00:04.389, 39Mb)
Sushi: info  Checking /home/mbrisson/.fhir/packages for hl7.fhir.uv.extensions.r4#5.1.0...           (00:00.767 / 00:05.157, 39Mb)
Sushi: info  Found hl7.fhir.uv.extensions.r4#5.1.0 in /home/mbrisson/.fhir/packages.                 (00:00.584 / 00:05.741, 39Mb)
Sushi: info  Loaded package hl7.fhir.uv.extensions.r4#5.1.0                                          (00:00.000 / 00:05.741, 39Mb)
Sushi: info  Checking /home/mbrisson/.fhir/packages for hl7.fhir.us.core#4.0.0...                    (00:00.000 / 00:05.742, 39Mb)
Sushi: info  Found hl7.fhir.us.core#4.0.0 in /home/mbrisson/.fhir/packages.                          (00:00.346 / 00:06.088, 39Mb)
Sushi: info  Loaded package hl7.fhir.us.core#4.0.0                                                   (00:00.000 / 00:06.088, 39Mb)
Sushi: info  Checking /home/mbrisson/.fhir/packages for hl7.fhir.us.mcode#2.0.0...                   (00:00.000 / 00:06.088, 39Mb)
Sushi: info  Found hl7.fhir.us.mcode#2.0.0 in /home/mbrisson/.fhir/packages.                         (00:00.403 / 00:06.493, 39Mb)
Sushi: info  Loaded package hl7.fhir.us.mcode#2.0.0                                                  (00:00.000 / 00:06.493, 39Mb)
Sushi: info  Checking /home/mbrisson/.fhir/packages for hl7.fhir.uv.genomics-reporting#2.0.0...      (00:00.000 / 00:06.493, 39Mb)
Sushi: info  Found hl7.fhir.uv.genomics-reporting#2.0.0 in /home/mbrisson/.fhir/packages.            (00:00.407 / 00:06.901, 39Mb)
Sushi: info  Loaded package hl7.fhir.uv.genomics-reporting#2.0.0                                     (00:00.000 / 00:06.901, 39Mb)
Sushi: info  Checking /home/mbrisson/.fhir/packages for hl7.fhir.r4.core#4.0.1...                    (00:00.000 / 00:06.901, 39Mb)
Sushi: info  Found hl7.fhir.r4.core#4.0.1 in /home/mbrisson/.fhir/packages.                          (00:01.433 / 00:08.335, 39Mb)
Sushi: info  Loaded package hl7.fhir.r4.core#4.0.1                                                   (00:00.000 / 00:08.335, 39Mb)
Sushi: info  Converting FSH to FHIR resources...                                                     (00:00.021 / 00:08.356, 39Mb)
Sushi: info  Converted 29 FHIR StructureDefinitions.                                                 (00:01.187 / 00:09.544, 39Mb)
Sushi: info  Converted 12 FHIR CodeSystems.                                                          (00:00.236 / 00:09.780, 39Mb)
Sushi: info  Converted 18 FHIR ValueSets.                                                            (00:00.218 / 00:09.999, 39Mb)
Sushi: info  Converted 41 FHIR instances.                                                            (00:01.076 / 00:11.076, 39Mb)
Sushi: info  Exporting FHIR resources as JSON...                                                     (00:00.000 / 00:11.076, 39Mb)
Sushi: info  Exported 100 FHIR resources as JSON.                                                    (00:00.172 / 00:11.249, 39Mb)
Sushi: info  Assembling Implementation Guide sources...                                              (00:00.001 / 00:11.250, 39Mb)
Sushi: info  Generated ImplementationGuide-nmdp.fhir.matchsync.json                                  (00:00.020 / 00:11.271, 39Mb)
Sushi: info  Assembled Implementation Guide sources; ready for IG Publisher.                         (00:00.000 / 00:11.271, 39Mb)
Sushi: ========================= SUSHI RESULTS ===========================                           (00:00.000 / 00:11.271, 39Mb)
Sushi: |  -------------------------------------------------------------  |                           (00:00.000 / 00:11.272, 39Mb)
Sushi: | |    Profiles   |  Extensions  |   Logicals   |   Resources   | |                           (00:00.000 / 00:11.272, 39Mb)
Sushi: | |-------------------------------------------------------------| |                           (00:00.000 / 00:11.272, 39Mb)
Sushi: | |      28       |      1       |      0       |       0       | |                           (00:00.000 / 00:11.272, 39Mb)
Sushi: |  -------------------------------------------------------------  |                           (00:00.000 / 00:11.273, 39Mb)
Sushi: |  -------------------------------------------------------------  |                           (00:00.000 / 00:11.273, 39Mb)
Sushi: | |      ValueSets     |    CodeSystems    |     Instances      | |                           (00:00.000 / 00:11.273, 39Mb)
Sushi: | |-------------------------------------------------------------| |                           (00:00.000 / 00:11.273, 39Mb)
Sushi: | |         18         |        12         |         41         | |                           (00:00.000 / 00:11.274, 39Mb)
Sushi: |  -------------------------------------------------------------  |                           (00:00.000 / 00:11.274, 39Mb)
Sushi: |                                                                 |                           (00:00.000 / 00:11.274, 39Mb)
Sushi: ===================================================================                           (00:00.000 / 00:11.275, 39Mb)
Sushi: | Fin-tastic job!                        0 Errors      0 Warnings |                           (00:00.000 / 00:11.275, 39Mb)
Sushi: ===================================================================                           (00:00.000 / 00:11.275, 39Mb)
Unable to load IG as an r5 IG - try R4 (property code is a class com.google.gson.JsonPrimitive looking for an object) (00:01.647 / 00:12.922, 58Mb)
Load Template from fhir.base.template#current                                                        (00:00.609 / 00:13.532, 24Mb)

onLoad.findSpreadsheets:

onLoad.updateIg:
     [xslt] Processing /tmp/nmdp.fhir.matchsync#0.1.0/template/onLoad-ig-working.xml to /tmp/nmdp.fhir.matchsync#0.1.0/template/onLoad-ig-updated.xml
     [xslt] Loading stylesheet /tmp/nmdp.fhir.matchsync#0.1.0/template/scripts/onLoad.xslt

onLoad.extend:

onLoad:
Root directory: /tmp/nmdp.fhir.matchsync#0.1.0                                                       (03:29.235 / 03:42.767, 88Mb)
Terminology Cache is at /tmp/nmdp.fhir.matchsync#0.1.0/input-cache/txcache. Clearing now             (00:00.304 / 03:43.072, 111Mb)
Core Package hl7.fhir.r4.core#4.0.1
Running Terminology Log: /tmp/ohfu-fhir-ig-16019161273621505267.log
Connect to Terminology Server at http://tx.fhir.org                                                  (00:01.927 / 03:44.999, 303Mb)
Load Package hl7.fhir.pubpack#0.1.8
Load Package hl7.fhir.xver-extensions#0.1.0
Load Package hl7.terminology.r4#6.0.2
Load Package hl7.fhir.uv.extensions.r4#5.1.0
Load Package hl7.fhir.uv.bulkdata#1.0.1
Load Package us.nlm.vsac#0.3.0
Load Package hl7.fhir.us.core#4.0.0
Load Package hl7.fhir.us.mcode#2.0.0
Load Package hl7.fhir.uv.genomics-reporting#2.0.0
Version mismatch. This IG is version 4.0.1, while the IG 'hl7.fhir.uv.tools' is from version 5.0.0 (will try to run anyway) (00:04.783 / 03:49.783, 556Mb)
Load Package hl7.fhir.uv.tools#0.2.0
Load R5 Specials
Initialization complete                                                                              (00:00.694 / 03:50.477, 415Mb)
Load Content                                                                                         (00:00.000 / 03:50.477, 415Mb)
Using en-US as the default narrative language. (no language information in Implementation Guide or command line) (00:00.050 / 03:50.528, 425Mb)
loadPrePages from FetchedFile[/tmp/nmdp.fhir.matchsync#0.1.0/input/includes] as /tmp/nmdp.fhir.matchsync#0.1.0/input/includes
loadPrePages from FetchedFile[/tmp/nmdp.fhir.matchsync#0.1.0/fsh-generated/includes] as /tmp/nmdp.fhir.matchsync#0.1.0/fsh-generated/includes
loadPrePages from FetchedFile[/tmp/nmdp.fhir.matchsync#0.1.0/input/pagecontent] as /tmp/nmdp.fhir.matchsync#0.1.0/input/pagecontent
Fetch http://fhir.nmdp.org/ig/matchsync/package-list.json for version check                          (00:00.576 / 03:51.104, 505Mb)
Processing Conformance Resources                                                                     (00:15.190 / 04:06.295, 512Mb)
Load Dependency Info                                                                                 (00:00.001 / 04:06.296, 512Mb)
Load Info                                                                                            (00:00.003 / 04:06.300, 512Mb)
Load Resources                                                                                       (00:00.004 / 04:06.304, 513Mb)
Load Paths                                                                                           (00:00.186 / 04:06.491, 571Mb)
Generating Snapshots                                                                                 (00:00.000 / 04:06.492, 571Mb)
The slice definition for Observation.code.coding has a minimum of 0 but the slices add up to a minimum of 1
The slice definition for Observation.code.coding has a minimum of 0 but the slices add up to a minimum of 1
Check R4 / R4B                                                                                       (00:00.748 / 04:07.240, 703Mb)
Assign Comparison Ids                                                                                (00:00.007 / 04:07.247, 706Mb)
Propagating status                                                                                   (00:00.000 / 04:07.247, 706Mb)
Generating Narratives                                                                                (00:00.000 / 04:07.247, 706Mb)
Validating Conformance Resources                                                                     (00:06.084 / 04:13.332, 884Mb)
Check profiles & code systems                                                                        (00:12.257 / 04:25.590, 768Mb)
Check realm rules                                                                                    (00:00.004 / 04:25.594, 769Mb)
Previous Version Comparison                                                                          (00:00.000 / 04:25.594, 769Mb)
Validating Resources                                                                                 (00:00.037 / 04:25.632, 788Mb)
Processing Provenance Records                                                                        (00:08.818 / 04:34.451, 695Mb)
Generating Outputs in /tmp/nmdp.fhir.matchsync#0.1.0/output                                          (00:00.000 / 04:34.451, 695Mb)
Warning @ Unable to read the git branch: not a git repository (or any of the parent directories): .git
Generate Native Outputs                                                                              (00:00.139 / 04:34.591, 714Mb)
Run Template                                                                                         (00:05.657 / 04:40.248, 911Mb)

onGenerate.checkVersions:
     [xslt] Processing /tmp/nmdp.fhir.matchsync#0.1.0/template/onGenerate-ig-working.xml to /tmp/nmdp.fhir.matchsync#0.1.0/template/versions.txt
     [xslt] Loading stylesheet /tmp/nmdp.fhir.matchsync#0.1.0/template/scripts/onGenerate.getVersions.xslt

onGenerate.r5-schemas:
      [get] Getting: http://build.fhir.org/fhir-single.xsd
      [get] To: /tmp/nmdp.fhir.matchsync#0.1.0/input-cache/schemas/R5/fhir-single.xsd
      [get] Getting: http://build.fhir.org/fhir-xhtml.xsd
      [get] To: /tmp/nmdp.fhir.matchsync#0.1.0/input-cache/schemas/R5/fhir-xhtml.xsd
      [get] Getting: http://build.fhir.org/xml.xsd
      [get] To: /tmp/nmdp.fhir.matchsync#0.1.0/input-cache/schemas/R5/xml.xsd
      [get] Getting: http://build.fhir.org/xmldsig-core-schema.xsd
      [get] To: /tmp/nmdp.fhir.matchsync#0.1.0/input-cache/schemas/R5/xmldsig-core-schema.xsd

onGenerate.r4-schemas:
      [get] Getting: http://hl7.org/fhir/R4/fhir-single.xsd
      [get] To: /tmp/nmdp.fhir.matchsync#0.1.0/input-cache/schemas/R4/fhir-single.xsd
      [get] Not modified - so not downloaded
      [get] Getting: http://hl7.org/fhir/R4/fhir-xhtml.xsd
      [get] To: /tmp/nmdp.fhir.matchsync#0.1.0/input-cache/schemas/R4/fhir-xhtml.xsd
      [get] Not modified - so not downloaded
      [get] Getting: http://hl7.org/fhir/R4/xml.xsd
      [get] To: /tmp/nmdp.fhir.matchsync#0.1.0/input-cache/schemas/R4/xml.xsd
      [get] Not modified - so not downloaded
      [get] Getting: http://hl7.org/fhir/R4/xmldsig-core-schema.xsd
      [get] To: /tmp/nmdp.fhir.matchsync#0.1.0/input-cache/schemas/R4/xmldsig-core-schema.xsd
      [get] Not modified - so not downloaded

onGenerate.r3-schemas:

onGenerate.r2b-schemas:

onGenerate.r2-schemas:

onGenerate.schemas:

onGenerate.data:
     [xslt] Processing /tmp/nmdp.fhir.matchsync#0.1.0/template/onGenerate-ig-working.xml to /tmp/nmdp.fhir.matchsync#0.1.0/temp/pages/_data/artifacts.json
     [xslt] Loading stylesheet /tmp/nmdp.fhir.matchsync#0.1.0/template/scripts/onGenerate.data.xslt

onGenerate.setup:

onGenerate.infoFile:
     [xslt] Processing /tmp/nmdp.fhir.matchsync#0.1.0/template/onGenerate-ig-working.xml to /tmp/nmdp.fhir.matchsync#0.1.0/temp/pages/_data/info.json
     [xslt] Loading stylesheet /tmp/nmdp.fhir.matchsync#0.1.0/template/scripts/onGenerate.genJson.xslt

onGenerate.processIncludes:
     [copy] Copying 16 files to /tmp/nmdp.fhir.matchsync#0.1.0/temp/pages/_includes

onGenerate.processIg:
     [xslt] Processing /tmp/nmdp.fhir.matchsync#0.1.0/template/onGenerate-ig-working.xml to /tmp/nmdp.fhir.matchsync#0.1.0/template/onGenerate-ig-working.1.xml
     [xslt] Loading stylesheet /tmp/nmdp.fhir.matchsync#0.1.0/template/scripts/onGenerate.group.xslt
     [xslt] Processing /tmp/nmdp.fhir.matchsync#0.1.0/template/onGenerate-ig-working.1.xml to /tmp/nmdp.fhir.matchsync#0.1.0/template/onGenerate-ig-working.2.xml
     [xslt] Loading stylesheet /tmp/nmdp.fhir.matchsync#0.1.0/template/scripts/onGenerate.groupSort.xslt
     [xslt] Processing /tmp/nmdp.fhir.matchsync#0.1.0/template/onGenerate-ig-working.2.xml to /tmp/nmdp.fhir.matchsync#0.1.0/template/onGenerate-ig-updated.xml
     [xslt] Loading stylesheet /tmp/nmdp.fhir.matchsync#0.1.0/template/scripts/onGenerate.final.xslt

onGenerate.igQa:
     [xslt] Processing /tmp/nmdp.fhir.matchsync#0.1.0/template/onGenerate-ig-updated.xml to /tmp/nmdp.fhir.matchsync#0.1.0/template/ongenerate-validation-igqa.json
     [xslt] Loading stylesheet /tmp/nmdp.fhir.matchsync#0.1.0/template/scripts/onGenerate.qa.xslt

onGenerate.artifactList:
     [xslt] Processing /tmp/nmdp.fhir.matchsync#0.1.0/template/onGenerate-ig-updated.xml to /tmp/nmdp.fhir.matchsync#0.1.0/temp/pages/_includes/artifacts.xml
     [xslt] Loading stylesheet /tmp/nmdp.fhir.matchsync#0.1.0/template/scripts/createArtifactSummary.xslt

check-plantumlfiles:

onGenerate.plantUml.ig:

onGenerate.plantUml.template:

onGenerate.plantUml:

onGenerate.copyDataFiles:

onGenerate.extend:

onGenerate:
Template Done                                                                                        (00:02.217 / 04:42.467, 990Mb)
Generate HTML Outputs                                                                                (00:00.002 / 04:42.468, 990Mb)
ERROR StatusLogger Log4j2 could not find a logging implementation. Please add log4j-core to the classpath. Using SimpleLogger to log to the console...
Generate Summaries                                                                                   (00:36.240 / 05:18.709, 2Gb)
Generating Summary Outputs                                                                           (00:00.000 / 05:18.709, 2Gb)
DB Cumulative Time invested: 00:00:01.838
Sending Usage Stats to Server                                                                        (00:06.540 / 05:25.250, 2Gb)
## Memory (MB): Use = 2923, Free = 1018, Total = 3942, Max = 3942                                    (00:00.003 / 05:25.253, 2Gb)
Reclaiming memory...                                                                                 (00:00.000 / 05:25.253, 2Gb)
## Memory (MB): Use = 2577, Free = 1364, Total = 3942, Max = 3942                                    (00:00.243 / 05:25.496, 2Gb)
Run jekyll: jekyll build --destination "/tmp/nmdp.fhir.matchsync#0.1.0/output" (in folder /tmp/nmdp.fhir.matchsync#0.1.0/temp/pages) (00:00.000 / 05:25.497, 2Gb)
Troubleshooting Note: usual cases for Jekyll to fail are:                                            (00:00.000 / 05:25.497, 2Gb)
* A failure to produce a fragment that is already logged in the output above                         (00:00.000 / 05:25.498, 2Gb)
* A reference to a manually edited file that hasn't been provided                                    (00:00.000 / 05:25.498, 2Gb)
Jekyll: Source: /tmp/nmdp.fhir.matchsync#0.1.0/temp/pages                                            (00:00.309 / 05:25.808, 2Gb)
Jekyll: Generating...                                                                                (00:00.000 / 05:25.808, 2Gb)
Jekyll: done in 1.912 seconds.                                                                       (00:01.911 / 05:27.720, 2Gb)

Installing nmdp.fhir.matchsync#0.1.0
 done.
Checking Output HTML                                                                                 (00:04.481 / 05:32.201, 2Gb)
found 1638 files                                                                                     (00:00.003 / 05:32.204, 2Gb)
........................................
........................................
  ... 1638 html files, 0 pages invalid xhtml (0%)                                                    (00:29.499 / 06:01.703, 2Gb)
  ... 782280 links, 650 broken links (0%)                                                            (00:00.000 / 06:01.704, 2Gb)
Generate fragment-usage-analysis.csv                                                                 (00:00.000 / 06:01.704, 2Gb)
Build final .zip                                                                                     (00:00.005 / 06:01.710, 2Gb)
Final .zip built                                                                                     (00:02.578 / 06:04.288, 2Gb)
Built. Times: loading: 00:15.814, generate: 02:18.404, narrative generation: 00:06.084, realm-rules: 00:00.000, previous-version: 00:00.000, jekyll: 00:02.233, validation: 00:21.056 (#101), template: 00:02.217 (#3) (00:20.437 / 06:24.726, 2Gb)
Generating QA                                                                                        (00:00.000 / 06:24.726, 2Gb)
Validation output in /tmp/nmdp.fhir.matchsync#0.1.0/output/qa.html
Errors: 4, Warnings: 100, Info: 21, Broken Links: 650 (00:00.623 / 06:25.350, 3Gb)
Finished. Max Memory Used = 3Gb. Log file saved in /tmp/fhir-ig-publisher-tmp.log                    (00:00.006 / 06:25.356, 3Gb)
Prepare Build space in /tmp/nmdp.fhir.matchsync#0.1.0-milestone
Build IG at /mnt/c/Users/mbrisson/.vscode/matchsync-ig/build: final copy suitable for publication (in /tmp/nmdp.fhir.matchsync#0.1.0-milestone) (milestone build)
FHIR IG Publisher Version 1.7.1 (Git# 74ea670a3891). Built 2024-10-25T03:52:19.844Z (14 days old)   
Detected Java version: 17.0.12 from /usr/lib/jvm/java-17-openjdk-amd64 on Linux/amd64 (64bit). 3942MB available
dir = /mnt/c/Users/mbrisson/.vscode/matchsync-ig, path = /home/mbrisson/gems/bin:/usr/local/sbin:/usr/local/bin:/usr/sbin:/usr/bin:/sbin:/bin:/usr/games:/usr/local/games:/usr/lib/wsl/lib:/mnt/c/windows/system32:/mnt/c/windows:/mnt/c/windows/System32/Wbem:/mnt/c/windows/System32/WindowsPowerShell/v1.0/:/mnt/c/windows/System32/OpenSSH/:/mnt/c/Program Files/PolicyPak/:/mnt/c/DEVAPPS/Oracle-SQLDeveloper-18.4.0-376.1900-x64:/mnt/c/Program Files/nodejs/:/mnt/c/Users/mbrisson/AppData/Roaming/nvm:/mnt/c/Program Files/nodejs:/mnt/c/Users/mbrisson/AppData/Local/Microsoft/WindowsApps:/mnt/c/Users/mbrisson/AppData/Local/Programs/Git/cmd:/mnt/c/Users/mbrisson/OneDrive - NMDP/Desktop/Maven/apache-maven-3.8.3/bin:/mnt/c/Users/mbrisson/AppData/Local/Programs/Microsoft VS Code/bin:/mnt/c/Users/mbrisson/AppData/Roaming/npm:/mnt/c/Users/mbrisson/.jdks/corretto-17.0.12/bin:/mnt/c/Users/mbrisson/AppData/Roaming/nvm:/snap/bin
Parameters: -ig /tmp/nmdp.fhir.matchsync#0.1.0-milestone -publish http://fhir.nmdp.org/ig/matchsync/0.1.0 -milestone -no-exit
Start Clock @ Friday, November 8, 2024 at 5:27:56 PM Central Standard Time (2024-11-08T17:27:56-06:00)
                                                                                                    
Build FHIR IG from /tmp/nmdp.fhir.matchsync#0.1.0-milestone                                          (00:00.001 / 00:00.001, 2Gb)
Build Formal Publication package, intended for http://fhir.nmdp.org/ig/matchsync/0.1.0               (00:00.000 / 00:00.001, 2Gb)
API keys loaded from /home/mbrisson/.fhir/fhir-settings.json                                         (00:00.000 / 00:00.001, 2Gb)
Package Cache: /home/mbrisson/.fhir/packages                                                         (00:00.000 / 00:00.001, 2Gb)
Run Sushi on /tmp/nmdp.fhir.matchsync#0.1.0-milestone                                                (00:00.000 / 00:00.001, 2Gb)
Sushi: info  Running SUSHI v3.12.1 (implements FHIR Shorthand specification v3.0.0)                  (00:00.597 / 00:00.599, 2Gb)
Sushi: info  Arguments:                                                                              (00:00.000 / 00:00.599, 2Gb)
Sushi: info    --require-latest                                                                      (00:00.000 / 00:00.599, 2Gb)
Sushi: info    --out /tmp/nmdp.fhir.matchsync#0.1.0-milestone                                        (00:00.000 / 00:00.599, 2Gb)
Sushi: info    /tmp/nmdp.fhir.matchsync#0.1.0-milestone                                              (00:00.000 / 00:00.600, 2Gb)
Sushi: info  Using configuration file: /tmp/nmdp.fhir.matchsync#0.1.0-milestone/sushi-config.yaml    (00:00.936 / 00:01.536, 2Gb)
Sushi: info  Importing FSH text...                                                                   (00:00.064 / 00:01.601, 2Gb)
Sushi: info  Preprocessed 10 documents with 16 aliases.                                              (00:00.121 / 00:01.723, 2Gb)
Sushi: info  Imported 59 definitions and 41 instances.                                               (00:00.022 / 00:01.746, 2Gb)
Sushi: info  Checking /home/mbrisson/.fhir/packages for hl7.fhir.uv.tools#current...                 (00:00.001 / 00:01.747, 2Gb)
Sushi: info  Found hl7.fhir.uv.tools#current in /home/mbrisson/.fhir/packages.                       (00:00.041 / 00:01.789, 2Gb)
Sushi: info  Loaded package hl7.fhir.uv.tools#current                                                (00:00.744 / 00:02.533, 2Gb)
Sushi: info  Checking /home/mbrisson/.fhir/packages for hl7.terminology.r4#6.0.2...                  (00:00.701 / 00:03.235, 2Gb)
Sushi: info  Found hl7.terminology.r4#6.0.2 in /home/mbrisson/.fhir/packages.                        (00:00.369 / 00:03.604, 2Gb)
Sushi: info  Loaded package hl7.terminology.r4#6.0.2                                                 (00:00.000 / 00:03.604, 2Gb)
Sushi: info  Checking /home/mbrisson/.fhir/packages for hl7.fhir.uv.extensions.r4#5.1.0...           (00:00.689 / 00:04.294, 2Gb)
Sushi: info  Found hl7.fhir.uv.extensions.r4#5.1.0 in /home/mbrisson/.fhir/packages.                 (00:00.338 / 00:04.632, 2Gb)
Sushi: info  Loaded package hl7.fhir.uv.extensions.r4#5.1.0                                          (00:00.000 / 00:04.632, 2Gb)
Sushi: info  Checking /home/mbrisson/.fhir/packages for hl7.fhir.us.core#4.0.0...                    (00:00.000 / 00:04.632, 2Gb)
Sushi: info  Found hl7.fhir.us.core#4.0.0 in /home/mbrisson/.fhir/packages.                          (00:00.302 / 00:04.935, 2Gb)
Sushi: info  Loaded package hl7.fhir.us.core#4.0.0                                                   (00:00.000 / 00:04.935, 2Gb)
Sushi: info  Checking /home/mbrisson/.fhir/packages for hl7.fhir.us.mcode#2.0.0...                   (00:00.000 / 00:04.935, 2Gb)
Sushi: info  Found hl7.fhir.us.mcode#2.0.0 in /home/mbrisson/.fhir/packages.                         (00:00.355 / 00:05.291, 2Gb)
Sushi: info  Loaded package hl7.fhir.us.mcode#2.0.0                                                  (00:00.000 / 00:05.292, 2Gb)
Sushi: info  Checking /home/mbrisson/.fhir/packages for hl7.fhir.uv.genomics-reporting#2.0.0...      (00:00.000 / 00:05.292, 2Gb)
Sushi: info  Found hl7.fhir.uv.genomics-reporting#2.0.0 in /home/mbrisson/.fhir/packages.            (00:00.370 / 00:05.662, 2Gb)
Sushi: info  Loaded package hl7.fhir.uv.genomics-reporting#2.0.0                                     (00:00.000 / 00:05.662, 2Gb)
Sushi: info  Checking /home/mbrisson/.fhir/packages for hl7.fhir.r4.core#4.0.1...                    (00:00.000 / 00:05.663, 2Gb)
Sushi: info  Found hl7.fhir.r4.core#4.0.1 in /home/mbrisson/.fhir/packages.                          (00:00.821 / 00:06.484, 2Gb)
Sushi: info  Loaded package hl7.fhir.r4.core#4.0.1                                                   (00:00.000 / 00:06.485, 2Gb)
Sushi: info  Converting FSH to FHIR resources...                                                     (00:00.033 / 00:06.519, 2Gb)
Sushi: info  Converted 29 FHIR StructureDefinitions.                                                 (00:01.209 / 00:07.728, 2Gb)
Sushi: info  Converted 12 FHIR CodeSystems.                                                          (00:00.236 / 00:07.965, 2Gb)
Sushi: info  Converted 18 FHIR ValueSets.                                                            (00:00.223 / 00:08.188, 2Gb)
Sushi: info  Converted 41 FHIR instances.                                                            (00:01.099 / 00:09.288, 2Gb)
Sushi: info  Exporting FHIR resources as JSON...                                                     (00:00.003 / 00:09.291, 2Gb)
Sushi: info  Exported 100 FHIR resources as JSON.                                                    (00:00.173 / 00:09.465, 2Gb)
Sushi: info  Assembling Implementation Guide sources...                                              (00:00.002 / 00:09.467, 2Gb)
Sushi: info  Generated ImplementationGuide-nmdp.fhir.matchsync.json                                  (00:00.021 / 00:09.489, 2Gb)
Sushi: info  Assembled Implementation Guide sources; ready for IG Publisher.                         (00:00.000 / 00:09.489, 2Gb)
Sushi: ========================= SUSHI RESULTS ===========================                           (00:00.000 / 00:09.490, 2Gb)
Sushi: |  -------------------------------------------------------------  |                           (00:00.000 / 00:09.490, 2Gb)
Sushi: | |    Profiles   |  Extensions  |   Logicals   |   Resources   | |                           (00:00.000 / 00:09.490, 2Gb)
Sushi: | |-------------------------------------------------------------| |                           (00:00.000 / 00:09.490, 2Gb)
Sushi: | |      28       |      1       |      0       |       0       | |                           (00:00.000 / 00:09.491, 2Gb)
Sushi: |  -------------------------------------------------------------  |                           (00:00.000 / 00:09.491, 2Gb)
Sushi: |  -------------------------------------------------------------  |                           (00:00.000 / 00:09.491, 2Gb)
Sushi: | |      ValueSets     |    CodeSystems    |     Instances      | |                           (00:00.000 / 00:09.491, 2Gb)
Sushi: | |-------------------------------------------------------------| |                           (00:00.000 / 00:09.491, 2Gb)
Sushi: | |         18         |        12         |         41         | |                           (00:00.000 / 00:09.491, 2Gb)
Sushi: |  -------------------------------------------------------------  |                           (00:00.000 / 00:09.492, 2Gb)
Sushi: |                                                                 |                           (00:00.000 / 00:09.492, 2Gb)
Sushi: ===================================================================                           (00:00.000 / 00:09.492, 2Gb)
Sushi: | Ex-clam-ation point!                   0 Errors      0 Warnings |                           (00:00.000 / 00:09.492, 2Gb)
Sushi: ===================================================================                           (00:00.000 / 00:09.492, 2Gb)
Unable to load IG as an r5 IG - try R4 (property code is a class com.google.gson.JsonPrimitive looking for an object) (00:00.010 / 00:09.503, 2Gb)
Load Template from fhir.base.template#current                                                        (00:00.004 / 00:09.507, 2Gb)

onLoad.findSpreadsheets:

onLoad.updateIg:
     [xslt] Processing /tmp/nmdp.fhir.matchsync#0.1.0-milestone/template/onLoad-ig-working.xml to /tmp/nmdp.fhir.matchsync#0.1.0-milestone/template/onLoad-ig-updated.xml
     [xslt] Loading stylesheet /tmp/nmdp.fhir.matchsync#0.1.0-milestone/template/scripts/onLoad.xslt

onLoad.extend:

onLoad:
Root directory: /tmp/nmdp.fhir.matchsync#0.1.0-milestone                                             (03:30.852 / 03:40.359, 2Gb)
Terminology Cache is at /tmp/nmdp.fhir.matchsync#0.1.0-milestone/input-cache/txcache. 11 files in cache (00:00.223 / 03:40.583, 2Gb)
Core Package hl7.fhir.r4.core#4.0.1
Running Terminology Log: /tmp/ohfu-fhir-ig-15840392508820828611.log
Connect to Terminology Server at http://tx.fhir.org                                                  (00:00.830 / 03:41.414, 812Mb)
Load Package hl7.fhir.pubpack#0.1.8
Load Package hl7.fhir.xver-extensions#0.1.0
Load Package hl7.terminology.r4#6.0.2
Load Package hl7.fhir.uv.extensions.r4#5.1.0
Load Package hl7.fhir.uv.bulkdata#1.0.1
Load Package us.nlm.vsac#0.3.0
Load Package hl7.fhir.us.core#4.0.0
Load Package hl7.fhir.us.mcode#2.0.0
Load Package hl7.fhir.uv.genomics-reporting#2.0.0
Version mismatch. This IG is version 4.0.1, while the IG 'hl7.fhir.uv.tools' is from version 5.0.0 (will try to run anyway) (00:03.652 / 03:45.066, 1Gb)
Load Package hl7.fhir.uv.tools#0.2.0
Load R5 Specials
Initialization complete                                                                              (00:00.293 / 03:45.359, 571Mb)
Load Content                                                                                         (00:00.000 / 03:45.360, 571Mb)
Using en-US as the default narrative language. (no language information in Implementation Guide or command line) (00:00.004 / 03:45.365, 579Mb)
loadPrePages from FetchedFile[/tmp/nmdp.fhir.matchsync#0.1.0-milestone/input/includes] as /tmp/nmdp.fhir.matchsync#0.1.0-milestone/input/includes
loadPrePages from FetchedFile[/tmp/nmdp.fhir.matchsync#0.1.0-milestone/fsh-generated/includes] as /tmp/nmdp.fhir.matchsync#0.1.0-milestone/fsh-generated/includes
loadPrePages from FetchedFile[/tmp/nmdp.fhir.matchsync#0.1.0-milestone/input/pagecontent] as /tmp/nmdp.fhir.matchsync#0.1.0-milestone/input/pagecontent
Fetch http://fhir.nmdp.org/ig/matchsync/package-list.json for version check                          (00:00.310 / 03:45.675, 658Mb)
Processing Conformance Resources                                                                     (00:15.239 / 04:00.915, 663Mb)
Load Dependency Info                                                                                 (00:00.000 / 04:00.916, 663Mb)
Load Info                                                                                            (00:00.000 / 04:00.916, 663Mb)
Load Resources                                                                                       (00:00.000 / 04:00.917, 664Mb)
Load Paths                                                                                           (00:00.099 / 04:01.016, 721Mb)
Generating Snapshots                                                                                 (00:00.000 / 04:01.017, 721Mb)
The slice definition for Observation.code.coding has a minimum of 0 but the slices add up to a minimum of 1
The slice definition for Observation.code.coding has a minimum of 0 but the slices add up to a minimum of 1
Check R4 / R4B                                                                                       (00:00.536 / 04:01.553, 826Mb)
Assign Comparison Ids                                                                                (00:00.005 / 04:01.559, 829Mb)
Propagating status                                                                                   (00:00.000 / 04:01.559, 829Mb)
Generating Narratives                                                                                (00:00.000 / 04:01.559, 829Mb)
Validating Conformance Resources                                                                     (00:00.865 / 04:02.425, 1Gb)
Check profiles & code systems                                                                        (00:08.147 / 04:10.573, 972Mb)
Check realm rules                                                                                    (00:00.003 / 04:10.576, 972Mb)
Previous Version Comparison                                                                          (00:00.000 / 04:10.577, 972Mb)
Validating Resources                                                                                 (00:00.015 / 04:10.592, 984Mb)
Processing Provenance Records                                                                        (00:02.404 / 04:12.996, 1Gb)
Generating Outputs in /tmp/nmdp.fhir.matchsync#0.1.0-milestone/output                                (00:00.000 / 04:12.997, 1Gb)
Warning @ Unable to read the git branch: not a git repository (or any of the parent directories): .git
Generate Native Outputs                                                                              (00:00.114 / 04:13.112, 1Gb)
Run Template                                                                                         (00:05.932 / 04:19.044, 1Gb)

onGenerate.checkVersions:
     [xslt] Processing /tmp/nmdp.fhir.matchsync#0.1.0-milestone/template/onGenerate-ig-working.xml to /tmp/nmdp.fhir.matchsync#0.1.0-milestone/template/versions.txt
     [xslt] Loading stylesheet /tmp/nmdp.fhir.matchsync#0.1.0-milestone/template/scripts/onGenerate.getVersions.xslt

onGenerate.r5-schemas:
      [get] Getting: http://build.fhir.org/fhir-single.xsd
      [get] To: /tmp/nmdp.fhir.matchsync#0.1.0-milestone/input-cache/schemas/R5/fhir-single.xsd
      [get] Not modified - so not downloaded
      [get] Getting: http://build.fhir.org/fhir-xhtml.xsd
      [get] To: /tmp/nmdp.fhir.matchsync#0.1.0-milestone/input-cache/schemas/R5/fhir-xhtml.xsd
      [get] Not modified - so not downloaded
      [get] Getting: http://build.fhir.org/xml.xsd
      [get] To: /tmp/nmdp.fhir.matchsync#0.1.0-milestone/input-cache/schemas/R5/xml.xsd
      [get] Not modified - so not downloaded
      [get] Getting: http://build.fhir.org/xmldsig-core-schema.xsd
      [get] To: /tmp/nmdp.fhir.matchsync#0.1.0-milestone/input-cache/schemas/R5/xmldsig-core-schema.xsd
      [get] Not modified - so not downloaded

onGenerate.r4-schemas:
      [get] Getting: http://hl7.org/fhir/R4/fhir-single.xsd
      [get] To: /tmp/nmdp.fhir.matchsync#0.1.0-milestone/input-cache/schemas/R4/fhir-single.xsd
      [get] Not modified - so not downloaded
      [get] Getting: http://hl7.org/fhir/R4/fhir-xhtml.xsd
      [get] To: /tmp/nmdp.fhir.matchsync#0.1.0-milestone/input-cache/schemas/R4/fhir-xhtml.xsd
      [get] Not modified - so not downloaded
      [get] Getting: http://hl7.org/fhir/R4/xml.xsd
      [get] To: /tmp/nmdp.fhir.matchsync#0.1.0-milestone/input-cache/schemas/R4/xml.xsd
      [get] Not modified - so not downloaded
      [get] Getting: http://hl7.org/fhir/R4/xmldsig-core-schema.xsd
      [get] To: /tmp/nmdp.fhir.matchsync#0.1.0-milestone/input-cache/schemas/R4/xmldsig-core-schema.xsd
      [get] Not modified - so not downloaded

onGenerate.r3-schemas:

onGenerate.r2b-schemas:

onGenerate.r2-schemas:

onGenerate.schemas:

onGenerate.data:
     [xslt] Processing /tmp/nmdp.fhir.matchsync#0.1.0-milestone/template/onGenerate-ig-working.xml to /tmp/nmdp.fhir.matchsync#0.1.0-milestone/temp/pages/_data/artifacts.json
     [xslt] Loading stylesheet /tmp/nmdp.fhir.matchsync#0.1.0-milestone/template/scripts/onGenerate.data.xslt

onGenerate.setup:

onGenerate.infoFile:
     [xslt] Processing /tmp/nmdp.fhir.matchsync#0.1.0-milestone/template/onGenerate-ig-working.xml to /tmp/nmdp.fhir.matchsync#0.1.0-milestone/temp/pages/_data/info.json
     [xslt] Loading stylesheet /tmp/nmdp.fhir.matchsync#0.1.0-milestone/template/scripts/onGenerate.genJson.xslt

onGenerate.processIncludes:
     [copy] Copying 16 files to /tmp/nmdp.fhir.matchsync#0.1.0-milestone/temp/pages/_includes

onGenerate.processIg:
     [xslt] Processing /tmp/nmdp.fhir.matchsync#0.1.0-milestone/template/onGenerate-ig-working.xml to /tmp/nmdp.fhir.matchsync#0.1.0-milestone/template/onGenerate-ig-working.1.xml
     [xslt] Loading stylesheet /tmp/nmdp.fhir.matchsync#0.1.0-milestone/template/scripts/onGenerate.group.xslt
     [xslt] Processing /tmp/nmdp.fhir.matchsync#0.1.0-milestone/template/onGenerate-ig-working.1.xml to /tmp/nmdp.fhir.matchsync#0.1.0-milestone/template/onGenerate-ig-working.2.xml
     [xslt] Loading stylesheet /tmp/nmdp.fhir.matchsync#0.1.0-milestone/template/scripts/onGenerate.groupSort.xslt
     [xslt] Processing /tmp/nmdp.fhir.matchsync#0.1.0-milestone/template/onGenerate-ig-working.2.xml to /tmp/nmdp.fhir.matchsync#0.1.0-milestone/template/onGenerate-ig-updated.xml
     [xslt] Loading stylesheet /tmp/nmdp.fhir.matchsync#0.1.0-milestone/template/scripts/onGenerate.final.xslt

onGenerate.igQa:
     [xslt] Processing /tmp/nmdp.fhir.matchsync#0.1.0-milestone/template/onGenerate-ig-updated.xml to /tmp/nmdp.fhir.matchsync#0.1.0-milestone/template/ongenerate-validation-igqa.json
     [xslt] Loading stylesheet /tmp/nmdp.fhir.matchsync#0.1.0-milestone/template/scripts/onGenerate.qa.xslt

onGenerate.artifactList:
     [xslt] Processing /tmp/nmdp.fhir.matchsync#0.1.0-milestone/template/onGenerate-ig-updated.xml to /tmp/nmdp.fhir.matchsync#0.1.0-milestone/temp/pages/_includes/artifacts.xml
     [xslt] Loading stylesheet /tmp/nmdp.fhir.matchsync#0.1.0-milestone/template/scripts/createArtifactSummary.xslt

check-plantumlfiles:

onGenerate.plantUml.ig:

onGenerate.plantUml.template:

onGenerate.plantUml:

onGenerate.copyDataFiles:

onGenerate.extend:

onGenerate:
Template Done                                                                                        (00:01.213 / 04:20.258, 1Gb)
Generate HTML Outputs                                                                                (00:00.000 / 04:20.258, 1Gb)
Generate Summaries                                                                                   (00:24.408 / 04:44.667, 2Gb)
Generating Summary Outputs                                                                           (00:00.000 / 04:44.667, 2Gb)
DB Cumulative Time invested: 00:00:01.822
Sending Usage Stats to Server                                                                        (00:04.987 / 04:49.654, 2Gb)
## Memory (MB): Use = 2658, Free = 1283, Total = 3942, Max = 3942                                    (00:00.001 / 04:49.655, 2Gb)
Reclaiming memory...                                                                                 (00:00.000 / 04:49.656, 2Gb)
## Memory (MB): Use = 2578, Free = 1363, Total = 3942, Max = 3942                                    (00:00.263 / 04:49.919, 2Gb)
Run jekyll: jekyll build --destination "/tmp/nmdp.fhir.matchsync#0.1.0-milestone/output" (in folder /tmp/nmdp.fhir.matchsync#0.1.0-milestone/temp/pages) (00:00.000 / 04:49.920, 2Gb)
Troubleshooting Note: usual cases for Jekyll to fail are:                                            (00:00.000 / 04:49.920, 2Gb)
* A failure to produce a fragment that is already logged in the output above                         (00:00.000 / 04:49.920, 2Gb)
* A reference to a manually edited file that hasn't been provided                                    (00:00.000 / 04:49.921, 2Gb)
Jekyll: Source: /tmp/nmdp.fhir.matchsync#0.1.0-milestone/temp/pages                                  (00:00.182 / 04:50.103, 2Gb)
Jekyll: Generating...                                                                                (00:00.000 / 04:50.103, 2Gb)
Jekyll: done in 1.862 seconds.                                                                       (00:01.861 / 04:51.965, 2Gb)

Installing nmdp.fhir.matchsync#0.1.0
Checking Output HTML                                                                                 (00:02.678 / 04:54.644, 2Gb)
found 1638 files                                                                                     (00:00.002 / 04:54.647, 2Gb)
........................................
........................................
  ... 1638 html files, 0 pages invalid xhtml (0%)                                                    (00:27.761 / 05:22.408, 2Gb)
  ... 782280 links, 650 broken links (0%)                                                            (00:00.000 / 05:22.408, 2Gb)
Generate fragment-usage-analysis.csv                                                                 (00:00.000 / 05:22.408, 2Gb)
Build final .zip                                                                                     (00:00.003 / 05:22.412, 2Gb)
Final .zip built                                                                                     (00:02.764 / 05:25.177, 2Gb)
Built. Times: loading: 00:15.554, generate: 01:44.123, narrative generation: 00:00.865, realm-rules: 00:00.000, previous-version: 00:00.000, jekyll: 00:02.056, validation: 00:10.523 (#101), template: 00:01.213 (#3) (00:19.862 / 05:45.039, 3Gb)
Generating QA                                                                                        (00:00.000 / 05:45.040, 3Gb)
Validation output in /tmp/nmdp.fhir.matchsync#0.1.0-milestone/output/qa.html
Errors: 4, Warnings: 100, Info: 21, Broken Links: 650 (00:00.407 / 05:45.447, 3Gb)
Finished. Max Memory Used = 3Gb. Log file saved in /tmp/fhir-ig-publisher-tmp.log                    (00:00.003 / 05:45.451, 3Gb)
Keep a copy of the build directory at /tmp/web-root/run-20241108/ig-build-zips/nmdp.fhir.matchsync#0.1.0.zip

ok. All checks passed. Publish v0.1.0 to /tmp/web-root/run-20241108/matchsync/0.1.0
Copy the IG to /tmp/web-root/run-20241108/matchsync/0.1.0
Update /tmp/web-root/run-20241108/matchsync/package-list.json
Publish Box Statement: This page is part of the MatchSync Implementation Guide (v0.1.0: Release Draft) based on <a no-external="true" href="http://hl7.org/fhir/R4">FHIR (HL7速 FHIR速 Standard) R4</a>. This is the current published version in its permanent home (it will always be available at this URL).  For a full list of available versions, see the <a no-external="true" href="http://fhir.nmdp.org/ig/matchsync/history.html">Directory of published versions</a>
no html insert in /tmp/web-root/run-20241108/matchsync/0.1.0/qa-txservers.html
  .. 650 files checked, 650 updated
  .. 205 clones checked, 410 updated
  .. 101 redirections (101 created/updated)
This is a milestone release - publish v0.1.0 to /tmp/web-root/run-20241108/matchsync
Publish Box Statement: This page is part of the MatchSync Implementation Guide (v0.1.0: Release Draft) based on <a no-external="true" href="http://hl7.org/fhir/R4">FHIR (HL7速 FHIR速 Standard) R4</a>. This is the current published version.  For a full list of available versions, see the <a no-external="true" href="http://fhir.nmdp.org/ig/matchsync/history.html">Directory of published versions</a>
no html insert in /tmp/nmdp.fhir.matchsync#0.1.0-milestone/output/qa-txservers.html
  .. 650 files checked, 650 updated
  .. 205 clones checked, 410 updated
  .. 101 redirections (101 created/updated)
Check for Files to delete
  ... 0 files
Copy to new IG to /tmp/web-root/run-20241108/matchsync
Update history page at /tmp/web-root/run-20241108/matchsync from /mnt/c/Users/mbrisson/.vscode/matchsync-ig/publication/web-root/ig-history and /mnt/c/Users/mbrisson/.vscode/matchsync-ig/publication/web-root/history-templates
Build is complete. Copy from /tmp/web-root/run-20241108
nmdp.fhir.matchsync (http://fhir.nmdp.org/ig/matchsync): MatchSync Implementation Guide @ http://nmdp-ig.github.io/matchsync-ig
  candidate: Release Draft 0.1.0/4.0.1 @ http://fhir.nmdp.org/ig/matchsync/0.1.0
